# JRE version: OpenJDK Runtime Environment Temurin-17.0.10+7 (17.0.10+7) (build 17.0.10+7)
# Java VM: OpenJDK 64-Bit Server VM Temurin-17.0.10+7 (17.0.10+7, mixed mode, tiered, compressed oops, compressed class ptrs, parallel gc, windows-amd64)
GC Precious Log:
 CPUs: 16 total, 16 available
 Memory: 15999M
 Large Page Support: Disabled
 NUMA Support: Disabled
 Compressed Oops: Enabled (32-bit)
 Alignments: Space 512K, Generation 512K, Heap 2M
 Heap Min Capacity: 100M
 Heap Initial Capacity: 100M
 Heap Max Capacity: 1G
 Pre-touch: Disabled
 Parallel Workers: 13
Heap:
 PSYoungGen      total 20992K, used 12968K [0x00000000eab00000, 0x00000000ec280000, 0x0000000100000000)
  eden space 17920K, 56% used [0x00000000eab00000,0x00000000eb4f6870,0x00000000ebc80000)
  from space 3072K, 90% used [0x00000000ebf80000,0x00000000ec233b40,0x00000000ec280000)
  to   space 3072K, 0% used [0x00000000ebc80000,0x00000000ebc80000,0x00000000ebf80000)
 ParOldGen       total 90112K, used 88612K [0x00000000c0000000, 0x00000000c5800000, 0x00000000eab00000)
  object space 90112K, 98% used [0x00000000c0000000,0x00000000c5689388,0x00000000c5800000)
 Metaspace       used 69116K, committed 70400K, reserved 1114112K
  class space    used 7386K, committed 7936K, reserved 1048576K
GC Heap History (20 events):
Event: 17.670 GC heap before
{Heap before GC invocations=66 (full 6):
 PSYoungGen      total 17408K, used 17395K [0x00000000eab00000, 0x00000000ebf00000, 0x0000000100000000)
  eden space 15872K, 100% used [0x00000000eab00000,0x00000000eba80000,0x00000000eba80000)
  from space 1536K, 99% used [0x00000000eba80000,0x00000000ebbfce38,0x00000000ebc00000)
  to   space 2048K, 0% used [0x00000000ebd00000,0x00000000ebd00000,0x00000000ebf00000)
 ParOldGen       total 90112K, used 84760K [0x00000000c0000000, 0x00000000c5800000, 0x00000000eab00000)
  object space 90112K, 94% used [0x00000000c0000000,0x00000000c52c62b0,0x00000000c5800000)
 Metaspace       used 68731K, committed 69952K, reserved 1114112K
  class space    used 7353K, committed 7872K, reserved 1048576K
}
Event: 17.672 GC heap after
{Heap after GC invocations=66 (full 6):
 PSYoungGen      total 17920K, used 2024K [0x00000000eab00000, 0x00000000ec080000, 0x0000000100000000)
  eden space 15872K, 0% used [0x00000000eab00000,0x00000000eab00000,0x00000000eba80000)
  from space 2048K, 98% used [0x00000000ebd00000,0x00000000ebefa038,0x00000000ebf00000)
  to   space 2560K, 0% used [0x00000000eba80000,0x00000000eba80000,0x00000000ebd00000)
 ParOldGen       total 90112K, used 84978K [0x00000000c0000000, 0x00000000c5800000, 0x00000000eab00000)
  object space 90112K, 94% used [0x00000000c0000000,0x00000000c52fcad0,0x00000000c5800000)
 Metaspace       used 68731K, committed 69952K, reserved 1114112K
  class space    used 7353K, committed 7872K, reserved 1048576K
}
Event: 17.697 GC heap before
{Heap before GC invocations=67 (full 6):
 PSYoungGen      total 17920K, used 17896K [0x00000000eab00000, 0x00000000ec080000, 0x0000000100000000)
  eden space 15872K, 100% used [0x00000000eab00000,0x00000000eba80000,0x00000000eba80000)
  from space 2048K, 98% used [0x00000000ebd00000,0x00000000ebefa038,0x00000000ebf00000)
  to   space 2560K, 0% used [0x00000000eba80000,0x00000000eba80000,0x00000000ebd00000)
 ParOldGen       total 90112K, used 84978K [0x00000000c0000000, 0x00000000c5800000, 0x00000000eab00000)
  object space 90112K, 94% used [0x00000000c0000000,0x00000000c52fcad0,0x00000000c5800000)
 Metaspace       used 68752K, committed 69952K, reserved 1114112K
  class space    used 7354K, committed 7872K, reserved 1048576K
}
Event: 17.704 GC heap after
{Heap after GC invocations=67 (full 6):
 PSYoungGen      total 18432K, used 2434K [0x00000000eab00000, 0x00000000ec100000, 0x0000000100000000)
  eden space 15872K, 0% used [0x00000000eab00000,0x00000000eab00000,0x00000000eba80000)
  from space 2560K, 95% used [0x00000000eba80000,0x00000000ebce0a18,0x00000000ebd00000)
  to   space 2560K, 0% used [0x00000000ebe80000,0x00000000ebe80000,0x00000000ec100000)
 ParOldGen       total 90112K, used 85042K [0x00000000c0000000, 0x00000000c5800000, 0x00000000eab00000)
  object space 90112K, 94% used [0x00000000c0000000,0x00000000c530cad0,0x00000000c5800000)
 Metaspace       used 68752K, committed 69952K, reserved 1114112K
  class space    used 7354K, committed 7872K, reserved 1048576K
}
Event: 17.724 GC heap before
{Heap before GC invocations=68 (full 6):
 PSYoungGen      total 18432K, used 18306K [0x00000000eab00000, 0x00000000ec100000, 0x0000000100000000)
  eden space 15872K, 100% used [0x00000000eab00000,0x00000000eba80000,0x00000000eba80000)
  from space 2560K, 95% used [0x00000000eba80000,0x00000000ebce0a18,0x00000000ebd00000)
  to   space 2560K, 0% used [0x00000000ebe80000,0x00000000ebe80000,0x00000000ec100000)
 ParOldGen       total 90112K, used 85042K [0x00000000c0000000, 0x00000000c5800000, 0x00000000eab00000)
  object space 90112K, 94% used [0x00000000c0000000,0x00000000c530cad0,0x00000000c5800000)
 Metaspace       used 68762K, committed 70016K, reserved 1114112K
  class space    used 7356K, committed 7872K, reserved 1048576K
}
Event: 17.726 GC heap after
{Heap after GC invocations=68 (full 6):
 PSYoungGen      total 18432K, used 2547K [0x00000000eab00000, 0x00000000ec100000, 0x0000000100000000)
  eden space 15872K, 0% used [0x00000000eab00000,0x00000000eab00000,0x00000000eba80000)
  from space 2560K, 99% used [0x00000000ebe80000,0x00000000ec0fce38,0x00000000ec100000)
  to   space 2560K, 0% used [0x00000000eba80000,0x00000000eba80000,0x00000000ebd00000)
 ParOldGen       total 90112K, used 85058K [0x00000000c0000000, 0x00000000c5800000, 0x00000000eab00000)
  object space 90112K, 94% used [0x00000000c0000000,0x00000000c5310ad0,0x00000000c5800000)
 Metaspace       used 68762K, committed 70016K, reserved 1114112K
  class space    used 7356K, committed 7872K, reserved 1048576K
}
Event: 17.740 GC heap before
{Heap before GC invocations=69 (full 6):
 PSYoungGen      total 18432K, used 18419K [0x00000000eab00000, 0x00000000ec100000, 0x0000000100000000)
  eden space 15872K, 100% used [0x00000000eab00000,0x00000000eba80000,0x00000000eba80000)
  from space 2560K, 99% used [0x00000000ebe80000,0x00000000ec0fce38,0x00000000ec100000)
  to   space 2560K, 0% used [0x00000000eba80000,0x00000000eba80000,0x00000000ebd00000)
 ParOldGen       total 90112K, used 85058K [0x00000000c0000000, 0x00000000c5800000, 0x00000000eab00000)
  object space 90112K, 94% used [0x00000000c0000000,0x00000000c5310ad0,0x00000000c5800000)
 Metaspace       used 68766K, committed 70016K, reserved 1114112K
  class space    used 7357K, committed 7872K, reserved 1048576K
}
Event: 17.741 GC heap after
{Heap after GC invocations=69 (full 6):
 PSYoungGen      total 18432K, used 2525K [0x00000000eab00000, 0x00000000ec080000, 0x0000000100000000)
  eden space 15872K, 0% used [0x00000000eab00000,0x00000000eab00000,0x00000000eba80000)
  from space 2560K, 98% used [0x00000000eba80000,0x00000000ebcf77b8,0x00000000ebd00000)
  to   space 2560K, 0% used [0x00000000ebe00000,0x00000000ebe00000,0x00000000ec080000)
 ParOldGen       total 90112K, used 85349K [0x00000000c0000000, 0x00000000c5800000, 0x00000000eab00000)
  object space 90112K, 94% used [0x00000000c0000000,0x00000000c5359700,0x00000000c5800000)
 Metaspace       used 68766K, committed 70016K, reserved 1114112K
  class space    used 7357K, committed 7872K, reserved 1048576K
}
Event: 17.755 GC heap before
{Heap before GC invocations=70 (full 6):
 PSYoungGen      total 18432K, used 18397K [0x00000000eab00000, 0x00000000ec080000, 0x0000000100000000)
  eden space 15872K, 100% used [0x00000000eab00000,0x00000000eba80000,0x00000000eba80000)
  from space 2560K, 98% used [0x00000000eba80000,0x00000000ebcf77b8,0x00000000ebd00000)
  to   space 2560K, 0% used [0x00000000ebe00000,0x00000000ebe00000,0x00000000ec080000)
 ParOldGen       total 90112K, used 85349K [0x00000000c0000000, 0x00000000c5800000, 0x00000000eab00000)
  object space 90112K, 94% used [0x00000000c0000000,0x00000000c5359700,0x00000000c5800000)
 Metaspace       used 68801K, committed 70016K, reserved 1114112K
  class space    used 7360K, committed 7872K, reserved 1048576K
}
Event: 17.756 GC heap after
{Heap after GC invocations=70 (full 6):
 PSYoungGen      total 18432K, used 2537K [0x00000000eab00000, 0x00000000ec080000, 0x0000000100000000)
  eden space 15872K, 0% used [0x00000000eab00000,0x00000000eab00000,0x00000000eba80000)
  from space 2560K, 99% used [0x00000000ebe00000,0x00000000ec07a4d8,0x00000000ec080000)
  to   space 2560K, 0% used [0x00000000eba80000,0x00000000eba80000,0x00000000ebd00000)
 ParOldGen       total 90112K, used 85509K [0x00000000c0000000, 0x00000000c5800000, 0x00000000eab00000)
  object space 90112K, 94% used [0x00000000c0000000,0x00000000c5381700,0x00000000c5800000)
 Metaspace       used 68801K, committed 70016K, reserved 1114112K
  class space    used 7360K, committed 7872K, reserved 1048576K
}
Event: 17.766 GC heap before
{Heap before GC invocations=71 (full 6):
 PSYoungGen      total 18432K, used 18409K [0x00000000eab00000, 0x00000000ec080000, 0x0000000100000000)
  eden space 15872K, 100% used [0x00000000eab00000,0x00000000eba80000,0x00000000eba80000)
  from space 2560K, 99% used [0x00000000ebe00000,0x00000000ec07a4d8,0x00000000ec080000)
  to   space 2560K, 0% used [0x00000000eba80000,0x00000000eba80000,0x00000000ebd00000)
 ParOldGen       total 90112K, used 85509K [0x00000000c0000000, 0x00000000c5800000, 0x00000000eab00000)
  object space 90112K, 94% used [0x00000000c0000000,0x00000000c5381700,0x00000000c5800000)
 Metaspace       used 68811K, committed 70016K, reserved 1114112K
  class space    used 7360K, committed 7872K, reserved 1048576K
}
Event: 17.767 GC heap after
{Heap after GC invocations=71 (full 6):
 PSYoungGen      total 18432K, used 2537K [0x00000000eab00000, 0x00000000ec080000, 0x0000000100000000)
  eden space 15872K, 0% used [0x00000000eab00000,0x00000000eab00000,0x00000000eba80000)
  from space 2560K, 99% used [0x00000000eba80000,0x00000000ebcfa4d8,0x00000000ebd00000)
  to   space 2560K, 0% used [0x00000000ebe00000,0x00000000ebe00000,0x00000000ec080000)
 ParOldGen       total 90112K, used 85802K [0x00000000c0000000, 0x00000000c5800000, 0x00000000eab00000)
  object space 90112K, 95% used [0x00000000c0000000,0x00000000c53ca9e0,0x00000000c5800000)
 Metaspace       used 68811K, committed 70016K, reserved 1114112K
  class space    used 7360K, committed 7872K, reserved 1048576K
}
Event: 17.782 GC heap before
{Heap before GC invocations=72 (full 6):
 PSYoungGen      total 18432K, used 18409K [0x00000000eab00000, 0x00000000ec080000, 0x0000000100000000)
  eden space 15872K, 100% used [0x00000000eab00000,0x00000000eba80000,0x00000000eba80000)
  from space 2560K, 99% used [0x00000000eba80000,0x00000000ebcfa4d8,0x00000000ebd00000)
  to   space 2560K, 0% used [0x00000000ebe00000,0x00000000ebe00000,0x00000000ec080000)
 ParOldGen       total 90112K, used 85802K [0x00000000c0000000, 0x00000000c5800000, 0x00000000eab00000)
  object space 90112K, 95% used [0x00000000c0000000,0x00000000c53ca9e0,0x00000000c5800000)
 Metaspace       used 68817K, committed 70016K, reserved 1114112K
  class space    used 7362K, committed 7872K, reserved 1048576K
}
Event: 17.783 GC heap after
{Heap after GC invocations=72 (full 6):
 PSYoungGen      total 19456K, used 2249K [0x00000000eab00000, 0x00000000ec080000, 0x0000000100000000)
  eden space 16896K, 0% used [0x00000000eab00000,0x00000000eab00000,0x00000000ebb80000)
  from space 2560K, 87% used [0x00000000ebe00000,0x00000000ec032400,0x00000000ec080000)
  to   space 2560K, 0% used [0x00000000ebb80000,0x00000000ebb80000,0x00000000ebe00000)
 ParOldGen       total 90112K, used 86249K [0x00000000c0000000, 0x00000000c5800000, 0x00000000eab00000)
  object space 90112K, 95% used [0x00000000c0000000,0x00000000c543a688,0x00000000c5800000)
 Metaspace       used 68817K, committed 70016K, reserved 1114112K
  class space    used 7362K, committed 7872K, reserved 1048576K
}
Event: 17.796 GC heap before
{Heap before GC invocations=73 (full 6):
 PSYoungGen      total 19456K, used 19145K [0x00000000eab00000, 0x00000000ec080000, 0x0000000100000000)
  eden space 16896K, 100% used [0x00000000eab00000,0x00000000ebb80000,0x00000000ebb80000)
  from space 2560K, 87% used [0x00000000ebe00000,0x00000000ec032400,0x00000000ec080000)
  to   space 2560K, 0% used [0x00000000ebb80000,0x00000000ebb80000,0x00000000ebe00000)
 ParOldGen       total 90112K, used 86249K [0x00000000c0000000, 0x00000000c5800000, 0x00000000eab00000)
  object space 90112K, 95% used [0x00000000c0000000,0x00000000c543a688,0x00000000c5800000)
 Metaspace       used 68826K, committed 70016K, reserved 1114112K
  class space    used 7363K, committed 7872K, reserved 1048576K
}
Event: 17.797 GC heap after
{Heap after GC invocations=73 (full 6):
 PSYoungGen      total 19456K, used 2377K [0x00000000eab00000, 0x00000000ec080000, 0x0000000100000000)
  eden space 16896K, 0% used [0x00000000eab00000,0x00000000eab00000,0x00000000ebb80000)
  from space 2560K, 92% used [0x00000000ebb80000,0x00000000ebdd2400,0x00000000ebe00000)
  to   space 2560K, 0% used [0x00000000ebe00000,0x00000000ebe00000,0x00000000ec080000)
 ParOldGen       total 90112K, used 86249K [0x00000000c0000000, 0x00000000c5800000, 0x00000000eab00000)
  object space 90112K, 95% used [0x00000000c0000000,0x00000000c543a688,0x00000000c5800000)
 Metaspace       used 68826K, committed 70016K, reserved 1114112K
  class space    used 7363K, committed 7872K, reserved 1048576K
}
Event: 17.817 GC heap before
{Heap before GC invocations=74 (full 6):
 PSYoungGen      total 19456K, used 19273K [0x00000000eab00000, 0x00000000ec080000, 0x0000000100000000)
  eden space 16896K, 100% used [0x00000000eab00000,0x00000000ebb80000,0x00000000ebb80000)
  from space 2560K, 92% used [0x00000000ebb80000,0x00000000ebdd2400,0x00000000ebe00000)
  to   space 2560K, 0% used [0x00000000ebe00000,0x00000000ebe00000,0x00000000ec080000)
 ParOldGen       total 90112K, used 86249K [0x00000000c0000000, 0x00000000c5800000, 0x00000000eab00000)
  object space 90112K, 95% used [0x00000000c0000000,0x00000000c543a688,0x00000000c5800000)
 Metaspace       used 68839K, committed 70080K, reserved 1114112K
  class space    used 7364K, committed 7872K, reserved 1048576K
}
Event: 17.819 GC heap after
{Heap after GC invocations=74 (full 6):
 PSYoungGen      total 19456K, used 2537K [0x00000000eab00000, 0x00000000ec080000, 0x0000000100000000)
  eden space 16896K, 0% used [0x00000000eab00000,0x00000000eab00000,0x00000000ebb80000)
  from space 2560K, 99% used [0x00000000ebe00000,0x00000000ec07a400,0x00000000ec080000)
  to   space 2560K, 0% used [0x00000000ebb80000,0x00000000ebb80000,0x00000000ebe00000)
 ParOldGen       total 90112K, used 86281K [0x00000000c0000000, 0x00000000c5800000, 0x00000000eab00000)
  object space 90112K, 95% used [0x00000000c0000000,0x00000000c5442688,0x00000000c5800000)
 Metaspace       used 68839K, committed 70080K, reserved 1114112K
  class space    used 7364K, committed 7872K, reserved 1048576K
}
Event: 17.831 GC heap before
{Heap before GC invocations=75 (full 6):
 PSYoungGen      total 19456K, used 19433K [0x00000000eab00000, 0x00000000ec080000, 0x0000000100000000)
  eden space 16896K, 100% used [0x00000000eab00000,0x00000000ebb80000,0x00000000ebb80000)
  from space 2560K, 99% used [0x00000000ebe00000,0x00000000ec07a400,0x00000000ec080000)
  to   space 2560K, 0% used [0x00000000ebb80000,0x00000000ebb80000,0x00000000ebe00000)
 ParOldGen       total 90112K, used 86281K [0x00000000c0000000, 0x00000000c5800000, 0x00000000eab00000)
  object space 90112K, 95% used [0x00000000c0000000,0x00000000c5442688,0x00000000c5800000)
 Metaspace       used 68870K, committed 70144K, reserved 1114112K
  class space    used 7366K, committed 7936K, reserved 1048576K
}
Event: 17.832 GC heap after
{Heap after GC invocations=75 (full 6):
 PSYoungGen      total 19456K, used 2528K [0x00000000eab00000, 0x00000000ec080000, 0x0000000100000000)
  eden space 16896K, 0% used [0x00000000eab00000,0x00000000eab00000,0x00000000ebb80000)
  from space 2560K, 98% used [0x00000000ebb80000,0x00000000ebdf8000,0x00000000ebe00000)
  to   space 2560K, 0% used [0x00000000ebe00000,0x00000000ebe00000,0x00000000ec080000)
 ParOldGen       total 90112K, used 86538K [0x00000000c0000000, 0x00000000c5800000, 0x00000000eab00000)
  object space 90112K, 96% used [0x00000000c0000000,0x00000000c5482a88,0x00000000c5800000)
 Metaspace       used 68870K, committed 70144K, reserved 1114112K
  class space    used 7366K, committed 7936K, reserved 1048576K
}

