# JRE version: OpenJDK Runtime Environment Temurin-17.0.10+7 (17.0.10+7) (build 17.0.10+7)
# Java VM: OpenJDK 64-Bit Server VM Temurin-17.0.10+7 (17.0.10+7, mixed mode, tiered, compressed oops, compressed class ptrs, parallel gc, windows-amd64)
GC Precious Log:
 CPUs: 16 total, 16 available
 Memory: 15999M
 Large Page Support: Disabled
 NUMA Support: Disabled
 Compressed Oops: Enabled (32-bit)
 Alignments: Space 512K, Generation 512K, Heap 2M
 Heap Min Capacity: 100M
 Heap Initial Capacity: 100M
 Heap Max Capacity: 1G
 Pre-touch: Disabled
 Parallel Workers: 13
Heap:
 PSYoungGen      total 17920K, used 16171K [0x00000000eab00000, 0x00000000ebf80000, 0x0000000100000000)
  eden space 16896K, 92% used [0x00000000eab00000,0x00000000eba52ca0,0x00000000ebb80000)
  from space 1024K, 46% used [0x00000000ebd80000,0x00000000ebdf8000,0x00000000ebe80000)
  to   space 512K, 0% used [0x00000000ebf00000,0x00000000ebf00000,0x00000000ebf80000)
 ParOldGen       total 90624K, used 62854K [0x00000000c0000000, 0x00000000c5880000, 0x00000000eab00000)
  object space 90624K, 69% used [0x00000000c0000000,0x00000000c3d61800,0x00000000c5880000)
 Metaspace       used 74811K, committed 76160K, reserved 1179648K
  class space    used 7941K, committed 8512K, reserved 1048576K
GC Heap History (20 events):
Event: 22.892 GC heap before
{Heap before GC invocations=51 (full 3):
 PSYoungGen      total 17920K, used 17846K [0x00000000eab00000, 0x00000000ec000000, 0x0000000100000000)
  eden space 16896K, 100% used [0x00000000eab00000,0x00000000ebb80000,0x00000000ebb80000)
  from space 1024K, 92% used [0x00000000ebc80000,0x00000000ebd6dba0,0x00000000ebd80000)
  to   space 1536K, 0% used [0x00000000ebe80000,0x00000000ebe80000,0x00000000ec000000)
 ParOldGen       total 68608K, used 58462K [0x00000000c0000000, 0x00000000c4300000, 0x00000000eab00000)
  object space 68608K, 85% used [0x00000000c0000000,0x00000000c3917900,0x00000000c4300000)
 Metaspace       used 71268K, committed 72448K, reserved 1114112K
  class space    used 7643K, committed 8192K, reserved 1048576K
}
Event: 22.893 GC heap after
{Heap after GC invocations=51 (full 3):
 PSYoungGen      total 17408K, used 512K [0x00000000eab00000, 0x00000000ebf00000, 0x0000000100000000)
  eden space 16896K, 0% used [0x00000000eab00000,0x00000000eab00000,0x00000000ebb80000)
  from space 512K, 100% used [0x00000000ebe80000,0x00000000ebf00000,0x00000000ebf00000)
  to   space 1024K, 0% used [0x00000000ebd00000,0x00000000ebd00000,0x00000000ebe00000)
 ParOldGen       total 68608K, used 58798K [0x00000000c0000000, 0x00000000c4300000, 0x00000000eab00000)
  object space 68608K, 85% used [0x00000000c0000000,0x00000000c396b900,0x00000000c4300000)
 Metaspace       used 71268K, committed 72448K, reserved 1114112K
  class space    used 7643K, committed 8192K, reserved 1048576K
}
Event: 23.786 GC heap before
{Heap before GC invocations=52 (full 3):
 PSYoungGen      total 17408K, used 17408K [0x00000000eab00000, 0x00000000ebf00000, 0x0000000100000000)
  eden space 16896K, 100% used [0x00000000eab00000,0x00000000ebb80000,0x00000000ebb80000)
  from space 512K, 100% used [0x00000000ebe80000,0x00000000ebf00000,0x00000000ebf00000)
  to   space 1024K, 0% used [0x00000000ebd00000,0x00000000ebd00000,0x00000000ebe00000)
 ParOldGen       total 68608K, used 58798K [0x00000000c0000000, 0x00000000c4300000, 0x00000000eab00000)
  object space 68608K, 85% used [0x00000000c0000000,0x00000000c396b900,0x00000000c4300000)
 Metaspace       used 71785K, committed 72960K, reserved 1114112K
  class space    used 7662K, committed 8192K, reserved 1048576K
}
Event: 23.787 GC heap after
{Heap after GC invocations=52 (full 3):
 PSYoungGen      total 17920K, used 1008K [0x00000000eab00000, 0x00000000ebf80000, 0x0000000100000000)
  eden space 16896K, 0% used [0x00000000eab00000,0x00000000eab00000,0x00000000ebb80000)
  from space 1024K, 98% used [0x00000000ebd00000,0x00000000ebdfc010,0x00000000ebe00000)
  to   space 1536K, 0% used [0x00000000ebe00000,0x00000000ebe00000,0x00000000ebf80000)
 ParOldGen       total 68608K, used 59246K [0x00000000c0000000, 0x00000000c4300000, 0x00000000eab00000)
  object space 68608K, 86% used [0x00000000c0000000,0x00000000c39db900,0x00000000c4300000)
 Metaspace       used 71785K, committed 72960K, reserved 1114112K
  class space    used 7662K, committed 8192K, reserved 1048576K
}
Event: 25.735 GC heap before
{Heap before GC invocations=53 (full 3):
 PSYoungGen      total 17920K, used 17746K [0x00000000eab00000, 0x00000000ebf80000, 0x0000000100000000)
  eden space 16896K, 99% used [0x00000000eab00000,0x00000000ebb58b68,0x00000000ebb80000)
  from space 1024K, 98% used [0x00000000ebd00000,0x00000000ebdfc010,0x00000000ebe00000)
  to   space 1536K, 0% used [0x00000000ebe00000,0x00000000ebe00000,0x00000000ebf80000)
 ParOldGen       total 68608K, used 59246K [0x00000000c0000000, 0x00000000c4300000, 0x00000000eab00000)
  object space 68608K, 86% used [0x00000000c0000000,0x00000000c39db900,0x00000000c4300000)
 Metaspace       used 72277K, committed 73472K, reserved 1179648K
  class space    used 7704K, committed 8256K, reserved 1048576K
}
Event: 25.736 GC heap after
{Heap after GC invocations=53 (full 3):
 PSYoungGen      total 18432K, used 1248K [0x00000000eab00000, 0x00000000ebf80000, 0x0000000100000000)
  eden space 16896K, 0% used [0x00000000eab00000,0x00000000eab00000,0x00000000ebb80000)
  from space 1536K, 81% used [0x00000000ebe00000,0x00000000ebf38000,0x00000000ebf80000)
  to   space 1536K, 0% used [0x00000000ebc80000,0x00000000ebc80000,0x00000000ebe00000)
 ParOldGen       total 68608K, used 60222K [0x00000000c0000000, 0x00000000c4300000, 0x00000000eab00000)
  object space 68608K, 87% used [0x00000000c0000000,0x00000000c3acf910,0x00000000c4300000)
 Metaspace       used 72277K, committed 73472K, reserved 1179648K
  class space    used 7704K, committed 8256K, reserved 1048576K
}
Event: 26.728 GC heap before
{Heap before GC invocations=54 (full 3):
 PSYoungGen      total 18432K, used 18144K [0x00000000eab00000, 0x00000000ebf80000, 0x0000000100000000)
  eden space 16896K, 100% used [0x00000000eab00000,0x00000000ebb80000,0x00000000ebb80000)
  from space 1536K, 81% used [0x00000000ebe00000,0x00000000ebf38000,0x00000000ebf80000)
  to   space 1536K, 0% used [0x00000000ebc80000,0x00000000ebc80000,0x00000000ebe00000)
 ParOldGen       total 68608K, used 60222K [0x00000000c0000000, 0x00000000c4300000, 0x00000000eab00000)
  object space 68608K, 87% used [0x00000000c0000000,0x00000000c3acf910,0x00000000c4300000)
 Metaspace       used 72544K, committed 73792K, reserved 1179648K
  class space    used 7718K, committed 8256K, reserved 1048576K
}
Event: 26.731 GC heap after
{Heap after GC invocations=54 (full 3):
 PSYoungGen      total 18432K, used 1510K [0x00000000eab00000, 0x00000000ecc80000, 0x0000000100000000)
  eden space 16896K, 0% used [0x00000000eab00000,0x00000000eab00000,0x00000000ebb80000)
  from space 1536K, 98% used [0x00000000ebc80000,0x00000000ebdf9a00,0x00000000ebe00000)
  to   space 8704K, 0% used [0x00000000ec400000,0x00000000ec400000,0x00000000ecc80000)
 ParOldGen       total 68608K, used 66087K [0x00000000c0000000, 0x00000000c4300000, 0x00000000eab00000)
  object space 68608K, 96% used [0x00000000c0000000,0x00000000c4089e28,0x00000000c4300000)
 Metaspace       used 72544K, committed 73792K, reserved 1179648K
  class space    used 7718K, committed 8256K, reserved 1048576K
}
Event: 26.731 GC heap before
{Heap before GC invocations=55 (full 4):
 PSYoungGen      total 18432K, used 1510K [0x00000000eab00000, 0x00000000ecc80000, 0x0000000100000000)
  eden space 16896K, 0% used [0x00000000eab00000,0x00000000eab00000,0x00000000ebb80000)
  from space 1536K, 98% used [0x00000000ebc80000,0x00000000ebdf9a00,0x00000000ebe00000)
  to   space 8704K, 0% used [0x00000000ec400000,0x00000000ec400000,0x00000000ecc80000)
 ParOldGen       total 68608K, used 66087K [0x00000000c0000000, 0x00000000c4300000, 0x00000000eab00000)
  object space 68608K, 96% used [0x00000000c0000000,0x00000000c4089e28,0x00000000c4300000)
 Metaspace       used 72544K, committed 73792K, reserved 1179648K
  class space    used 7718K, committed 8256K, reserved 1048576K
}
Event: 26.790 GC heap after
{Heap after GC invocations=55 (full 4):
 PSYoungGen      total 25600K, used 0K [0x00000000eab00000, 0x00000000ecc80000, 0x0000000100000000)
  eden space 16896K, 0% used [0x00000000eab00000,0x00000000eab00000,0x00000000ebb80000)
  from space 8704K, 0% used [0x00000000ec400000,0x00000000ec400000,0x00000000ecc80000)
  to   space 8704K, 0% used [0x00000000ebb80000,0x00000000ebb80000,0x00000000ec400000)
 ParOldGen       total 90624K, used 58516K [0x00000000c0000000, 0x00000000c5880000, 0x00000000eab00000)
  object space 90624K, 64% used [0x00000000c0000000,0x00000000c39253b8,0x00000000c5880000)
 Metaspace       used 72529K, committed 73792K, reserved 1179648K
  class space    used 7713K, committed 8256K, reserved 1048576K
}
Event: 27.188 GC heap before
{Heap before GC invocations=56 (full 4):
 PSYoungGen      total 25600K, used 16896K [0x00000000eab00000, 0x00000000ecc80000, 0x0000000100000000)
  eden space 16896K, 100% used [0x00000000eab00000,0x00000000ebb80000,0x00000000ebb80000)
  from space 8704K, 0% used [0x00000000ec400000,0x00000000ec400000,0x00000000ecc80000)
  to   space 8704K, 0% used [0x00000000ebb80000,0x00000000ebb80000,0x00000000ec400000)
 ParOldGen       total 90624K, used 58516K [0x00000000c0000000, 0x00000000c5880000, 0x00000000eab00000)
  object space 90624K, 64% used [0x00000000c0000000,0x00000000c39253b8,0x00000000c5880000)
 Metaspace       used 73104K, committed 74304K, reserved 1179648K
  class space    used 7779K, committed 8320K, reserved 1048576K
}
Event: 27.190 GC heap after
{Heap after GC invocations=56 (full 4):
 PSYoungGen      total 19968K, used 2900K [0x00000000eab00000, 0x00000000ec480000, 0x0000000100000000)
  eden space 16896K, 0% used [0x00000000eab00000,0x00000000eab00000,0x00000000ebb80000)
  from space 3072K, 94% used [0x00000000ebb80000,0x00000000ebe55220,0x00000000ebe80000)
  to   space 4608K, 0% used [0x00000000ec000000,0x00000000ec000000,0x00000000ec480000)
 ParOldGen       total 90624K, used 58524K [0x00000000c0000000, 0x00000000c5880000, 0x00000000eab00000)
  object space 90624K, 64% used [0x00000000c0000000,0x00000000c39273b8,0x00000000c5880000)
 Metaspace       used 73104K, committed 74304K, reserved 1179648K
  class space    used 7779K, committed 8320K, reserved 1048576K
}
Event: 28.116 GC heap before
{Heap before GC invocations=57 (full 4):
 PSYoungGen      total 19968K, used 19796K [0x00000000eab00000, 0x00000000ec480000, 0x0000000100000000)
  eden space 16896K, 100% used [0x00000000eab00000,0x00000000ebb80000,0x00000000ebb80000)
  from space 3072K, 94% used [0x00000000ebb80000,0x00000000ebe55220,0x00000000ebe80000)
  to   space 4608K, 0% used [0x00000000ec000000,0x00000000ec000000,0x00000000ec480000)
 ParOldGen       total 90624K, used 58524K [0x00000000c0000000, 0x00000000c5880000, 0x00000000eab00000)
  object space 90624K, 64% used [0x00000000c0000000,0x00000000c39273b8,0x00000000c5880000)
 Metaspace       used 73879K, committed 75200K, reserved 1179648K
  class space    used 7864K, committed 8448K, reserved 1048576K
}
Event: 28.118 GC heap after
{Heap after GC invocations=57 (full 4):
 PSYoungGen      total 18944K, used 1802K [0x00000000eab00000, 0x00000000ec200000, 0x0000000100000000)
  eden space 16896K, 0% used [0x00000000eab00000,0x00000000eab00000,0x00000000ebb80000)
  from space 2048K, 88% used [0x00000000ec000000,0x00000000ec1c2970,0x00000000ec200000)
  to   space 2560K, 0% used [0x00000000ebd00000,0x00000000ebd00000,0x00000000ebf80000)
 ParOldGen       total 90624K, used 61140K [0x00000000c0000000, 0x00000000c5880000, 0x00000000eab00000)
  object space 90624K, 67% used [0x00000000c0000000,0x00000000c3bb52e8,0x00000000c5880000)
 Metaspace       used 73879K, committed 75200K, reserved 1179648K
  class space    used 7864K, committed 8448K, reserved 1048576K
}
Event: 32.306 GC heap before
{Heap before GC invocations=58 (full 4):
 PSYoungGen      total 18944K, used 18698K [0x00000000eab00000, 0x00000000ec200000, 0x0000000100000000)
  eden space 16896K, 100% used [0x00000000eab00000,0x00000000ebb80000,0x00000000ebb80000)
  from space 2048K, 88% used [0x00000000ec000000,0x00000000ec1c2970,0x00000000ec200000)
  to   space 2560K, 0% used [0x00000000ebd00000,0x00000000ebd00000,0x00000000ebf80000)
 ParOldGen       total 90624K, used 61140K [0x00000000c0000000, 0x00000000c5880000, 0x00000000eab00000)
  object space 90624K, 67% used [0x00000000c0000000,0x00000000c3bb52e8,0x00000000c5880000)
 Metaspace       used 74300K, committed 75584K, reserved 1179648K
  class space    used 7894K, committed 8448K, reserved 1048576K
}
Event: 32.308 GC heap after
{Heap after GC invocations=58 (full 4):
 PSYoungGen      total 17408K, used 512K [0x00000000eab00000, 0x00000000ec080000, 0x0000000100000000)
  eden space 16896K, 0% used [0x00000000eab00000,0x00000000eab00000,0x00000000ebb80000)
  from space 512K, 100% used [0x00000000ebd00000,0x00000000ebd80000,0x00000000ebd80000)
  to   space 1536K, 0% used [0x00000000ebf00000,0x00000000ebf00000,0x00000000ec080000)
 ParOldGen       total 90624K, used 62718K [0x00000000c0000000, 0x00000000c5880000, 0x00000000eab00000)
  object space 90624K, 69% used [0x00000000c0000000,0x00000000c3d3f800,0x00000000c5880000)
 Metaspace       used 74300K, committed 75584K, reserved 1179648K
  class space    used 7894K, committed 8448K, reserved 1048576K
}
Event: 35.418 GC heap before
{Heap before GC invocations=59 (full 4):
 PSYoungGen      total 17408K, used 17288K [0x00000000eab00000, 0x00000000ec080000, 0x0000000100000000)
  eden space 16896K, 99% used [0x00000000eab00000,0x00000000ebb62090,0x00000000ebb80000)
  from space 512K, 100% used [0x00000000ebd00000,0x00000000ebd80000,0x00000000ebd80000)
  to   space 1536K, 0% used [0x00000000ebf00000,0x00000000ebf00000,0x00000000ec080000)
 ParOldGen       total 90624K, used 62718K [0x00000000c0000000, 0x00000000c5880000, 0x00000000eab00000)
  object space 90624K, 69% used [0x00000000c0000000,0x00000000c3d3f800,0x00000000c5880000)
 Metaspace       used 74354K, committed 75584K, reserved 1179648K
  class space    used 7896K, committed 8448K, reserved 1048576K
}
Event: 35.419 GC heap after
{Heap after GC invocations=59 (full 4):
 PSYoungGen      total 17408K, used 512K [0x00000000eab00000, 0x00000000ebf80000, 0x0000000100000000)
  eden space 16896K, 0% used [0x00000000eab00000,0x00000000eab00000,0x00000000ebb80000)
  from space 512K, 100% used [0x00000000ebf00000,0x00000000ebf80000,0x00000000ebf80000)
  to   space 1024K, 0% used [0x00000000ebd80000,0x00000000ebd80000,0x00000000ebe80000)
 ParOldGen       total 90624K, used 62854K [0x00000000c0000000, 0x00000000c5880000, 0x00000000eab00000)
  object space 90624K, 69% used [0x00000000c0000000,0x00000000c3d61800,0x00000000c5880000)
 Metaspace       used 74354K, committed 75584K, reserved 1179648K
  class space    used 7896K, committed 8448K, reserved 1048576K
}
Event: 41.325 GC heap before
{Heap before GC invocations=60 (full 4):
 PSYoungGen      total 17408K, used 17352K [0x00000000eab00000, 0x00000000ebf80000, 0x0000000100000000)
  eden space 16896K, 99% used [0x00000000eab00000,0x00000000ebb72020,0x00000000ebb80000)
  from space 512K, 100% used [0x00000000ebf00000,0x00000000ebf80000,0x00000000ebf80000)
  to   space 1024K, 0% used [0x00000000ebd80000,0x00000000ebd80000,0x00000000ebe80000)
 ParOldGen       total 90624K, used 62854K [0x00000000c0000000, 0x00000000c5880000, 0x00000000eab00000)
  object space 90624K, 69% used [0x00000000c0000000,0x00000000c3d61800,0x00000000c5880000)
 Metaspace       used 74392K, committed 75712K, reserved 1179648K
  class space    used 7896K, committed 8448K, reserved 1048576K
}
Event: 41.326 GC heap after
{Heap after GC invocations=60 (full 4):
 PSYoungGen      total 17920K, used 480K [0x00000000eab00000, 0x00000000ebf80000, 0x0000000100000000)
  eden space 16896K, 0% used [0x00000000eab00000,0x00000000eab00000,0x00000000ebb80000)
  from space 1024K, 46% used [0x00000000ebd80000,0x00000000ebdf8000,0x00000000ebe80000)
  to   space 512K, 0% used [0x00000000ebf00000,0x00000000ebf00000,0x00000000ebf80000)
 ParOldGen       total 90624K, used 62854K [0x00000000c0000000, 0x00000000c5880000, 0x00000000eab00000)
  object space 90624K, 69% used [0x00000000c0000000,0x00000000c3d61800,0x00000000c5880000)
 Metaspace       used 74392K, committed 75712K, reserved 1179648K
  class space    used 7896K, committed 8448K, reserved 1048576K
}

