# JRE version: OpenJDK Runtime Environment Temurin-17.0.10+7 (17.0.10+7) (build 17.0.10+7)
# Java VM: OpenJDK 64-Bit Server VM Temurin-17.0.10+7 (17.0.10+7, mixed mode, tiered, compressed oops, compressed class ptrs, parallel gc, windows-amd64)
GC Precious Log:
 CPUs: 16 total, 16 available
 Memory: 15999M
 Large Page Support: Disabled
 NUMA Support: Disabled
 Compressed Oops: Enabled (32-bit)
 Alignments: Space 512K, Generation 512K, Heap 2M
 Heap Min Capacity: 100M
 Heap Initial Capacity: 100M
 Heap Max Capacity: 1G
 Pre-touch: Disabled
 Parallel Workers: 13
Heap:
 PSYoungGen      total 18432K, used 5562K [0x00000000eab00000, 0x00000000ebf80000, 0x0000000100000000)
  eden space 17408K, 26% used [0x00000000eab00000,0x00000000eaf86b30,0x00000000ebc00000)
  from space 1024K, 90% used [0x00000000ebe80000,0x00000000ebf68020,0x00000000ebf80000)
  to   space 1536K, 0% used [0x00000000ebc80000,0x00000000ebc80000,0x00000000ebe00000)
 ParOldGen       total 68608K, used 33266K [0x00000000c0000000, 0x00000000c4300000, 0x00000000eab00000)
  object space 68608K, 48% used [0x00000000c0000000,0x00000000c207c828,0x00000000c4300000)
 Metaspace       used 48253K, committed 49024K, reserved 1114112K
  class space    used 4811K, committed 5184K, reserved 1048576K
GC Heap History (20 events):
Event: 5.007 GC heap before
{Heap before GC invocations=17 (full 2):
 PSYoungGen      total 24576K, used 24224K [0x00000000eab00000, 0x00000000ec600000, 0x0000000100000000)
  eden space 22016K, 100% used [0x00000000eab00000,0x00000000ec080000,0x00000000ec080000)
  from space 2560K, 86% used [0x00000000ec380000,0x00000000ec5a8000,0x00000000ec600000)
  to   space 2560K, 0% used [0x00000000ec080000,0x00000000ec080000,0x00000000ec300000)
 ParOldGen       total 68608K, used 19908K [0x00000000c0000000, 0x00000000c4300000, 0x00000000eab00000)
  object space 68608K, 29% used [0x00000000c0000000,0x00000000c1371010,0x00000000c4300000)
 Metaspace       used 38061K, committed 38912K, reserved 1114112K
  class space    used 3798K, committed 4160K, reserved 1048576K
}
Event: 5.009 GC heap after
{Heap after GC invocations=17 (full 2):
 PSYoungGen      total 24576K, used 2272K [0x00000000eab00000, 0x00000000ec580000, 0x0000000100000000)
  eden space 22016K, 0% used [0x00000000eab00000,0x00000000eab00000,0x00000000ec080000)
  from space 2560K, 88% used [0x00000000ec080000,0x00000000ec2b8010,0x00000000ec300000)
  to   space 2560K, 0% used [0x00000000ec300000,0x00000000ec300000,0x00000000ec580000)
 ParOldGen       total 68608K, used 21924K [0x00000000c0000000, 0x00000000c4300000, 0x00000000eab00000)
  object space 68608K, 31% used [0x00000000c0000000,0x00000000c1569010,0x00000000c4300000)
 Metaspace       used 38061K, committed 38912K, reserved 1114112K
  class space    used 3798K, committed 4160K, reserved 1048576K
}
Event: 5.300 GC heap before
{Heap before GC invocations=18 (full 2):
 PSYoungGen      total 24576K, used 24288K [0x00000000eab00000, 0x00000000ec580000, 0x0000000100000000)
  eden space 22016K, 100% used [0x00000000eab00000,0x00000000ec080000,0x00000000ec080000)
  from space 2560K, 88% used [0x00000000ec080000,0x00000000ec2b8010,0x00000000ec300000)
  to   space 2560K, 0% used [0x00000000ec300000,0x00000000ec300000,0x00000000ec580000)
 ParOldGen       total 68608K, used 21924K [0x00000000c0000000, 0x00000000c4300000, 0x00000000eab00000)
  object space 68608K, 31% used [0x00000000c0000000,0x00000000c1569010,0x00000000c4300000)
 Metaspace       used 38596K, committed 39296K, reserved 1114112K
  class space    used 3848K, committed 4160K, reserved 1048576K
}
Event: 5.304 GC heap after
{Heap after GC invocations=18 (full 2):
 PSYoungGen      total 19968K, used 2529K [0x00000000eab00000, 0x00000000ece80000, 0x0000000100000000)
  eden space 17408K, 0% used [0x00000000eab00000,0x00000000eab00000,0x00000000ebc00000)
  from space 2560K, 98% used [0x00000000ec300000,0x00000000ec578790,0x00000000ec580000)
  to   space 7168K, 0% used [0x00000000ebc00000,0x00000000ebc00000,0x00000000ec300000)
 ParOldGen       total 68608K, used 25624K [0x00000000c0000000, 0x00000000c4300000, 0x00000000eab00000)
  object space 68608K, 37% used [0x00000000c0000000,0x00000000c1906108,0x00000000c4300000)
 Metaspace       used 38596K, committed 39296K, reserved 1114112K
  class space    used 3848K, committed 4160K, reserved 1048576K
}
Event: 6.455 GC heap before
{Heap before GC invocations=19 (full 2):
 PSYoungGen      total 19968K, used 19905K [0x00000000eab00000, 0x00000000ece80000, 0x0000000100000000)
  eden space 17408K, 99% used [0x00000000eab00000,0x00000000ebbf7ff0,0x00000000ebc00000)
  from space 2560K, 98% used [0x00000000ec300000,0x00000000ec578790,0x00000000ec580000)
  to   space 7168K, 0% used [0x00000000ebc00000,0x00000000ebc00000,0x00000000ec300000)
 ParOldGen       total 68608K, used 25624K [0x00000000c0000000, 0x00000000c4300000, 0x00000000eab00000)
  object space 68608K, 37% used [0x00000000c0000000,0x00000000c1906108,0x00000000c4300000)
 Metaspace       used 40998K, committed 41792K, reserved 1114112K
  class space    used 4109K, committed 4480K, reserved 1048576K
}
Event: 6.458 GC heap after
{Heap after GC invocations=19 (full 2):
 PSYoungGen      total 18944K, used 1090K [0x00000000eab00000, 0x00000000ec380000, 0x0000000100000000)
  eden space 17408K, 0% used [0x00000000eab00000,0x00000000eab00000,0x00000000ebc00000)
  from space 1536K, 71% used [0x00000000ebc00000,0x00000000ebd10bb0,0x00000000ebd80000)
  to   space 3072K, 0% used [0x00000000ec080000,0x00000000ec080000,0x00000000ec380000)
 ParOldGen       total 68608K, used 28169K [0x00000000c0000000, 0x00000000c4300000, 0x00000000eab00000)
  object space 68608K, 41% used [0x00000000c0000000,0x00000000c1b824e0,0x00000000c4300000)
 Metaspace       used 40998K, committed 41792K, reserved 1114112K
  class space    used 4109K, committed 4480K, reserved 1048576K
}
Event: 8.930 GC heap before
{Heap before GC invocations=20 (full 2):
 PSYoungGen      total 18944K, used 18477K [0x00000000eab00000, 0x00000000ec380000, 0x0000000100000000)
  eden space 17408K, 99% used [0x00000000eab00000,0x00000000ebbfab70,0x00000000ebc00000)
  from space 1536K, 71% used [0x00000000ebc00000,0x00000000ebd10bb0,0x00000000ebd80000)
  to   space 3072K, 0% used [0x00000000ec080000,0x00000000ec080000,0x00000000ec380000)
 ParOldGen       total 68608K, used 28169K [0x00000000c0000000, 0x00000000c4300000, 0x00000000eab00000)
  object space 68608K, 41% used [0x00000000c0000000,0x00000000c1b824e0,0x00000000c4300000)
 Metaspace       used 41666K, committed 42432K, reserved 1114112K
  class space    used 4202K, committed 4544K, reserved 1048576K
}
Event: 8.930 GC heap after
{Heap after GC invocations=20 (full 2):
 PSYoungGen      total 17920K, used 448K [0x00000000eab00000, 0x00000000ec100000, 0x0000000100000000)
  eden space 17408K, 0% used [0x00000000eab00000,0x00000000eab00000,0x00000000ebc00000)
  from space 512K, 87% used [0x00000000ec080000,0x00000000ec0f0000,0x00000000ec100000)
  to   space 1024K, 0% used [0x00000000ebf00000,0x00000000ebf00000,0x00000000ec000000)
 ParOldGen       total 68608K, used 29119K [0x00000000c0000000, 0x00000000c4300000, 0x00000000eab00000)
  object space 68608K, 42% used [0x00000000c0000000,0x00000000c1c6ff60,0x00000000c4300000)
 Metaspace       used 41666K, committed 42432K, reserved 1114112K
  class space    used 4202K, committed 4544K, reserved 1048576K
}
Event: 11.728 GC heap before
{Heap before GC invocations=21 (full 2):
 PSYoungGen      total 17920K, used 17856K [0x00000000eab00000, 0x00000000ec100000, 0x0000000100000000)
  eden space 17408K, 100% used [0x00000000eab00000,0x00000000ebc00000,0x00000000ebc00000)
  from space 512K, 87% used [0x00000000ec080000,0x00000000ec0f0000,0x00000000ec100000)
  to   space 1024K, 0% used [0x00000000ebf00000,0x00000000ebf00000,0x00000000ec000000)
 ParOldGen       total 68608K, used 29119K [0x00000000c0000000, 0x00000000c4300000, 0x00000000eab00000)
  object space 68608K, 42% used [0x00000000c0000000,0x00000000c1c6ff60,0x00000000c4300000)
 Metaspace       used 42725K, committed 43456K, reserved 1114112K
  class space    used 4284K, committed 4608K, reserved 1048576K
}
Event: 11.730 GC heap after
{Heap after GC invocations=21 (full 2):
 PSYoungGen      total 18432K, used 1015K [0x00000000eab00000, 0x00000000ec100000, 0x0000000100000000)
  eden space 17408K, 0% used [0x00000000eab00000,0x00000000eab00000,0x00000000ebc00000)
  from space 1024K, 99% used [0x00000000ebf00000,0x00000000ebffdf18,0x00000000ec000000)
  to   space 1024K, 0% used [0x00000000ec000000,0x00000000ec000000,0x00000000ec100000)
 ParOldGen       total 68608K, used 29695K [0x00000000c0000000, 0x00000000c4300000, 0x00000000eab00000)
  object space 68608K, 43% used [0x00000000c0000000,0x00000000c1cffd88,0x00000000c4300000)
 Metaspace       used 42725K, committed 43456K, reserved 1114112K
  class space    used 4284K, committed 4608K, reserved 1048576K
}
Event: 11.884 GC heap before
{Heap before GC invocations=22 (full 2):
 PSYoungGen      total 18432K, used 18423K [0x00000000eab00000, 0x00000000ec100000, 0x0000000100000000)
  eden space 17408K, 100% used [0x00000000eab00000,0x00000000ebc00000,0x00000000ebc00000)
  from space 1024K, 99% used [0x00000000ebf00000,0x00000000ebffdf18,0x00000000ec000000)
  to   space 1024K, 0% used [0x00000000ec000000,0x00000000ec000000,0x00000000ec100000)
 ParOldGen       total 68608K, used 29695K [0x00000000c0000000, 0x00000000c4300000, 0x00000000eab00000)
  object space 68608K, 43% used [0x00000000c0000000,0x00000000c1cffd88,0x00000000c4300000)
 Metaspace       used 42738K, committed 43456K, reserved 1114112K
  class space    used 4284K, committed 4608K, reserved 1048576K
}
Event: 11.885 GC heap after
{Heap after GC invocations=22 (full 2):
 PSYoungGen      total 18432K, used 1000K [0x00000000eab00000, 0x00000000ec100000, 0x0000000100000000)
  eden space 17408K, 0% used [0x00000000eab00000,0x00000000eab00000,0x00000000ebc00000)
  from space 1024K, 97% used [0x00000000ec000000,0x00000000ec0fa358,0x00000000ec100000)
  to   space 1536K, 0% used [0x00000000ebe00000,0x00000000ebe00000,0x00000000ebf80000)
 ParOldGen       total 68608K, used 30174K [0x00000000c0000000, 0x00000000c4300000, 0x00000000eab00000)
  object space 68608K, 43% used [0x00000000c0000000,0x00000000c1d77bb0,0x00000000c4300000)
 Metaspace       used 42738K, committed 43456K, reserved 1114112K
  class space    used 4284K, committed 4608K, reserved 1048576K
}
Event: 12.206 GC heap before
{Heap before GC invocations=23 (full 2):
 PSYoungGen      total 18432K, used 18408K [0x00000000eab00000, 0x00000000ec100000, 0x0000000100000000)
  eden space 17408K, 100% used [0x00000000eab00000,0x00000000ebc00000,0x00000000ebc00000)
  from space 1024K, 97% used [0x00000000ec000000,0x00000000ec0fa358,0x00000000ec100000)
  to   space 1536K, 0% used [0x00000000ebe00000,0x00000000ebe00000,0x00000000ebf80000)
 ParOldGen       total 68608K, used 30174K [0x00000000c0000000, 0x00000000c4300000, 0x00000000eab00000)
  object space 68608K, 43% used [0x00000000c0000000,0x00000000c1d77bb0,0x00000000c4300000)
 Metaspace       used 44001K, committed 44800K, reserved 1114112K
  class space    used 4410K, committed 4736K, reserved 1048576K
}
Event: 12.208 GC heap after
{Heap after GC invocations=23 (full 2):
 PSYoungGen      total 18944K, used 384K [0x00000000eab00000, 0x00000000ec080000, 0x0000000100000000)
  eden space 17408K, 0% used [0x00000000eab00000,0x00000000eab00000,0x00000000ebc00000)
  from space 1536K, 25% used [0x00000000ebe00000,0x00000000ebe60000,0x00000000ebf80000)
  to   space 1024K, 0% used [0x00000000ebf80000,0x00000000ebf80000,0x00000000ec080000)
 ParOldGen       total 68608K, used 30190K [0x00000000c0000000, 0x00000000c4300000, 0x00000000eab00000)
  object space 68608K, 44% used [0x00000000c0000000,0x00000000c1d7bbb0,0x00000000c4300000)
 Metaspace       used 44001K, committed 44800K, reserved 1114112K
  class space    used 4410K, committed 4736K, reserved 1048576K
}
Event: 13.295 GC heap before
{Heap before GC invocations=24 (full 2):
 PSYoungGen      total 18944K, used 17792K [0x00000000eab00000, 0x00000000ec080000, 0x0000000100000000)
  eden space 17408K, 100% used [0x00000000eab00000,0x00000000ebc00000,0x00000000ebc00000)
  from space 1536K, 25% used [0x00000000ebe00000,0x00000000ebe60000,0x00000000ebf80000)
  to   space 1024K, 0% used [0x00000000ebf80000,0x00000000ebf80000,0x00000000ec080000)
 ParOldGen       total 68608K, used 30190K [0x00000000c0000000, 0x00000000c4300000, 0x00000000eab00000)
  object space 68608K, 44% used [0x00000000c0000000,0x00000000c1d7bbb0,0x00000000c4300000)
 Metaspace       used 46333K, committed 47104K, reserved 1114112K
  class space    used 4633K, committed 4992K, reserved 1048576K
}
Event: 13.297 GC heap after
{Heap after GC invocations=24 (full 2):
 PSYoungGen      total 18432K, used 992K [0x00000000eab00000, 0x00000000ec080000, 0x0000000100000000)
  eden space 17408K, 0% used [0x00000000eab00000,0x00000000eab00000,0x00000000ebc00000)
  from space 1024K, 96% used [0x00000000ebf80000,0x00000000ec078020,0x00000000ec080000)
  to   space 2048K, 0% used [0x00000000ebc80000,0x00000000ebc80000,0x00000000ebe80000)
 ParOldGen       total 68608K, used 30819K [0x00000000c0000000, 0x00000000c4300000, 0x00000000eab00000)
  object space 68608K, 44% used [0x00000000c0000000,0x00000000c1e18e68,0x00000000c4300000)
 Metaspace       used 46333K, committed 47104K, reserved 1114112K
  class space    used 4633K, committed 4992K, reserved 1048576K
}
Event: 14.455 GC heap before
{Heap before GC invocations=25 (full 2):
 PSYoungGen      total 18432K, used 18400K [0x00000000eab00000, 0x00000000ec080000, 0x0000000100000000)
  eden space 17408K, 100% used [0x00000000eab00000,0x00000000ebc00000,0x00000000ebc00000)
  from space 1024K, 96% used [0x00000000ebf80000,0x00000000ec078020,0x00000000ec080000)
  to   space 2048K, 0% used [0x00000000ebc80000,0x00000000ebc80000,0x00000000ebe80000)
 ParOldGen       total 68608K, used 30819K [0x00000000c0000000, 0x00000000c4300000, 0x00000000eab00000)
  object space 68608K, 44% used [0x00000000c0000000,0x00000000c1e18e68,0x00000000c4300000)
 Metaspace       used 47622K, committed 48448K, reserved 1114112K
  class space    used 4774K, committed 5184K, reserved 1048576K
}
Event: 14.457 GC heap after
{Heap after GC invocations=25 (full 2):
 PSYoungGen      total 19456K, used 1933K [0x00000000eab00000, 0x00000000ec000000, 0x0000000100000000)
  eden space 17408K, 0% used [0x00000000eab00000,0x00000000eab00000,0x00000000ebc00000)
  from space 2048K, 94% used [0x00000000ebc80000,0x00000000ebe635e0,0x00000000ebe80000)
  to   space 1536K, 0% used [0x00000000ebe80000,0x00000000ebe80000,0x00000000ec000000)
 ParOldGen       total 68608K, used 31665K [0x00000000c0000000, 0x00000000c4300000, 0x00000000eab00000)
  object space 68608K, 46% used [0x00000000c0000000,0x00000000c1eec698,0x00000000c4300000)
 Metaspace       used 47622K, committed 48448K, reserved 1114112K
  class space    used 4774K, committed 5184K, reserved 1048576K
}
Event: 14.647 GC heap before
{Heap before GC invocations=26 (full 2):
 PSYoungGen      total 19456K, used 19341K [0x00000000eab00000, 0x00000000ec000000, 0x0000000100000000)
  eden space 17408K, 100% used [0x00000000eab00000,0x00000000ebc00000,0x00000000ebc00000)
  from space 2048K, 94% used [0x00000000ebc80000,0x00000000ebe635e0,0x00000000ebe80000)
  to   space 1536K, 0% used [0x00000000ebe80000,0x00000000ebe80000,0x00000000ec000000)
 ParOldGen       total 68608K, used 31665K [0x00000000c0000000, 0x00000000c4300000, 0x00000000eab00000)
  object space 68608K, 46% used [0x00000000c0000000,0x00000000c1eec698,0x00000000c4300000)
 Metaspace       used 47866K, committed 48704K, reserved 1114112K
  class space    used 4786K, committed 5184K, reserved 1048576K
}
Event: 14.648 GC heap after
{Heap after GC invocations=26 (full 2):
 PSYoungGen      total 18432K, used 928K [0x00000000eab00000, 0x00000000ebf80000, 0x0000000100000000)
  eden space 17408K, 0% used [0x00000000eab00000,0x00000000eab00000,0x00000000ebc00000)
  from space 1024K, 90% used [0x00000000ebe80000,0x00000000ebf68020,0x00000000ebf80000)
  to   space 1536K, 0% used [0x00000000ebc80000,0x00000000ebc80000,0x00000000ebe00000)
 ParOldGen       total 68608K, used 33266K [0x00000000c0000000, 0x00000000c4300000, 0x00000000eab00000)
  object space 68608K, 48% used [0x00000000c0000000,0x00000000c207c828,0x00000000c4300000)
 Metaspace       used 47866K, committed 48704K, reserved 1114112K
  class space    used 4786K, committed 5184K, reserved 1048576K
}

